2020-08-18 10:46:07,134:INFO:PyCaret Classification Module
2020-08-18 10:46:07,135:INFO:version 2.0
2020-08-18 10:46:07,135:INFO:Initializing setup()
2020-08-18 10:46:07,135:INFO:USI: 0082
2020-08-18 10:46:07,135:INFO:setup(data=(6991, 41), target=koi_disposition, train_size=0.7, sampling=True, sample_estimator=None, categorical_features=None, categorical_imputation=constant, ordinal_features=None,
                    high_cardinality_features=None, high_cardinality_method=frequency, numeric_features=None, numeric_imputation=mean, date_features=None, ignore_features=None, normalize=False,
                    normalize_method=zscore, transformation=False, transformation_method=yeo-johnson, handle_unknown_categorical=True, unknown_categorical_method=least_frequent, pca=False, pca_method=linear,
                    pca_components=None, ignore_low_variance=False, combine_rare_levels=False, rare_level_threshold=0.1, bin_numeric_features=None, remove_outliers=False, outliers_threshold=0.05,
                    remove_multicollinearity=False, multicollinearity_threshold=0.9, remove_perfect_collinearity=False, create_clusters=False, cluster_iter=20,
                    polynomial_features=False, polynomial_degree=2, trigonometry_features=False, polynomial_threshold=0.1, group_features=None,
                    group_names=None, feature_selection=False, feature_selection_threshold=0.8, feature_interaction=False, feature_ratio=False, interaction_threshold=0.01,
                    fix_imbalance=False, fix_imbalance_method=None, data_split_shuffle=True, folds_shuffle=False, n_jobs=-1, html=True, session_id=123, log_experiment=True,
                    experiment_name=exoplanet1, log_plots=False, log_profile=False, log_data=False, silent=False, verbose=True, profile=False)
2020-08-18 10:46:07,135:INFO:Checking environment
2020-08-18 10:46:07,135:INFO:python_version: 3.8.3
2020-08-18 10:46:07,135:INFO:python_build: ('default', 'Jul  2 2020 11:26:31')
2020-08-18 10:46:07,136:INFO:machine: x86_64
2020-08-18 10:46:07,153:INFO:platform: macOS-10.13.6-x86_64-i386-64bit
2020-08-18 10:46:07,180:INFO:Memory: svmem(total=8589934592, available=2509615104, percent=70.8, used=4418179072, free=18034688, active=2498613248, inactive=2083586048, wired=1919565824)
2020-08-18 10:46:07,180:INFO:Physical Core: 2
2020-08-18 10:46:07,181:INFO:Logical Core: 4
2020-08-18 10:46:07,181:INFO:Checking libraries
2020-08-18 10:46:07,181:INFO:pd==1.0.5
2020-08-18 10:46:07,181:INFO:numpy==1.18.5
2020-08-18 10:46:08,589:INFO:sklearn==0.23.2
2020-08-18 10:46:09,660:WARNING:xgboost not found
2020-08-18 10:46:09,788:WARNING:lightgbm not found
2020-08-18 10:46:09,917:INFO:catboost==0.24
2020-08-18 10:46:11,355:INFO:mlflow==1.10.0
2020-08-18 10:46:11,355:INFO:Checking Exceptions
2020-08-18 10:46:11,355:INFO:Preloading libraries
2020-08-18 10:46:11,356:INFO:Preparing display monitor
2020-08-18 10:46:11,375:INFO:Importing libraries
2020-08-18 10:46:12,818:INFO:Copying data for preprocessing
2020-08-18 10:46:12,820:INFO:Declaring global variables
2020-08-18 10:46:12,828:INFO:Declaring preprocessing parameters
2020-08-18 10:46:12,829:INFO:Importing preprocessing module
2020-08-18 10:48:17,811:INFO:PyCaret Classification Module
2020-08-18 10:48:17,812:INFO:version 2.0
2020-08-18 10:48:17,813:INFO:Initializing setup()
2020-08-18 10:48:17,813:INFO:USI: e734
2020-08-18 10:48:17,813:INFO:setup(data=(6991, 41), target=koi_disposition, train_size=0.7, sampling=True, sample_estimator=None, categorical_features=None, categorical_imputation=constant, ordinal_features=None,
                    high_cardinality_features=None, high_cardinality_method=frequency, numeric_features=None, numeric_imputation=mean, date_features=None, ignore_features=None, normalize=False,
                    normalize_method=zscore, transformation=False, transformation_method=yeo-johnson, handle_unknown_categorical=True, unknown_categorical_method=least_frequent, pca=False, pca_method=linear,
                    pca_components=None, ignore_low_variance=False, combine_rare_levels=False, rare_level_threshold=0.1, bin_numeric_features=None, remove_outliers=False, outliers_threshold=0.05,
                    remove_multicollinearity=False, multicollinearity_threshold=0.9, remove_perfect_collinearity=False, create_clusters=False, cluster_iter=20,
                    polynomial_features=False, polynomial_degree=2, trigonometry_features=False, polynomial_threshold=0.1, group_features=None,
                    group_names=None, feature_selection=False, feature_selection_threshold=0.8, feature_interaction=False, feature_ratio=False, interaction_threshold=0.01,
                    fix_imbalance=False, fix_imbalance_method=None, data_split_shuffle=True, folds_shuffle=False, n_jobs=-1, html=True, session_id=None, log_experiment=False,
                    experiment_name=None, log_plots=False, log_profile=False, log_data=False, silent=False, verbose=True, profile=False)
2020-08-18 10:48:17,813:INFO:Checking environment
2020-08-18 10:48:17,813:INFO:python_version: 3.8.3
2020-08-18 10:48:17,813:INFO:python_build: ('default', 'Jul  2 2020 11:26:31')
2020-08-18 10:48:17,813:INFO:machine: x86_64
2020-08-18 10:48:17,814:INFO:platform: macOS-10.13.6-x86_64-i386-64bit
2020-08-18 10:48:17,814:INFO:Memory: svmem(total=8589934592, available=2355900416, percent=72.6, used=4533751808, free=260509696, active=2602762240, inactive=2045407232, wired=1930989568)
2020-08-18 10:48:17,814:INFO:Physical Core: 2
2020-08-18 10:48:17,814:INFO:Logical Core: 4
2020-08-18 10:48:17,814:INFO:Checking libraries
2020-08-18 10:48:17,814:INFO:pd==1.0.5
2020-08-18 10:48:17,814:INFO:numpy==1.18.5
2020-08-18 10:48:17,814:INFO:sklearn==0.23.2
2020-08-18 10:48:17,820:WARNING:xgboost not found
2020-08-18 10:48:17,823:WARNING:lightgbm not found
2020-08-18 10:48:17,823:INFO:catboost==0.24
2020-08-18 10:48:17,823:INFO:mlflow==1.10.0
2020-08-18 10:48:17,823:INFO:Checking Exceptions
2020-08-18 10:48:17,823:INFO:Preloading libraries
2020-08-18 10:48:17,823:INFO:Preparing display monitor
2020-08-18 10:48:17,845:INFO:Importing libraries
2020-08-18 10:48:17,858:INFO:Copying data for preprocessing
2020-08-18 10:48:17,860:INFO:Declaring global variables
2020-08-18 10:48:17,867:INFO:Declaring preprocessing parameters
2020-08-18 10:48:17,868:INFO:Importing preprocessing module
2020-08-18 10:48:28,707:INFO:PyCaret Classification Module
2020-08-18 10:48:28,707:INFO:version 2.0
2020-08-18 10:48:28,707:INFO:Initializing setup()
2020-08-18 10:48:28,708:INFO:USI: 42f3
2020-08-18 10:48:28,708:INFO:setup(data=(6991, 41), target=koi_disposition, train_size=0.7, sampling=True, sample_estimator=None, categorical_features=None, categorical_imputation=constant, ordinal_features=None,
                    high_cardinality_features=None, high_cardinality_method=frequency, numeric_features=None, numeric_imputation=mean, date_features=None, ignore_features=None, normalize=False,
                    normalize_method=zscore, transformation=False, transformation_method=yeo-johnson, handle_unknown_categorical=True, unknown_categorical_method=least_frequent, pca=False, pca_method=linear,
                    pca_components=None, ignore_low_variance=False, combine_rare_levels=False, rare_level_threshold=0.1, bin_numeric_features=None, remove_outliers=False, outliers_threshold=0.05,
                    remove_multicollinearity=False, multicollinearity_threshold=0.9, remove_perfect_collinearity=False, create_clusters=False, cluster_iter=20,
                    polynomial_features=False, polynomial_degree=2, trigonometry_features=False, polynomial_threshold=0.1, group_features=None,
                    group_names=None, feature_selection=False, feature_selection_threshold=0.8, feature_interaction=False, feature_ratio=False, interaction_threshold=0.01,
                    fix_imbalance=False, fix_imbalance_method=None, data_split_shuffle=True, folds_shuffle=False, n_jobs=-1, html=True, session_id=None, log_experiment=False,
                    experiment_name=None, log_plots=False, log_profile=False, log_data=False, silent=False, verbose=True, profile=False)
2020-08-18 10:48:28,708:INFO:Checking environment
2020-08-18 10:48:28,708:INFO:python_version: 3.8.3
2020-08-18 10:48:28,708:INFO:python_build: ('default', 'Jul  2 2020 11:26:31')
2020-08-18 10:48:28,708:INFO:machine: x86_64
2020-08-18 10:48:28,708:INFO:platform: macOS-10.13.6-x86_64-i386-64bit
2020-08-18 10:48:28,709:INFO:Memory: svmem(total=8589934592, available=2336751616, percent=72.8, used=4552757248, free=231866368, active=2622160896, inactive=2047959040, wired=1930596352)
2020-08-18 10:48:28,709:INFO:Physical Core: 2
2020-08-18 10:48:28,709:INFO:Logical Core: 4
2020-08-18 10:48:28,709:INFO:Checking libraries
2020-08-18 10:48:28,709:INFO:pd==1.0.5
2020-08-18 10:48:28,710:INFO:numpy==1.18.5
2020-08-18 10:48:28,710:INFO:sklearn==0.23.2
2020-08-18 10:48:28,714:WARNING:xgboost not found
2020-08-18 10:48:28,717:WARNING:lightgbm not found
2020-08-18 10:48:28,717:INFO:catboost==0.24
2020-08-18 10:48:28,717:INFO:mlflow==1.10.0
2020-08-18 10:48:28,717:INFO:Checking Exceptions
2020-08-18 10:48:28,717:INFO:Preloading libraries
2020-08-18 10:48:28,717:INFO:Preparing display monitor
2020-08-18 10:48:28,744:INFO:Importing libraries
2020-08-18 10:48:28,753:INFO:Copying data for preprocessing
2020-08-18 10:48:28,756:INFO:Declaring global variables
2020-08-18 10:48:28,767:INFO:Declaring preprocessing parameters
2020-08-18 10:48:28,767:INFO:Importing preprocessing module
2020-08-18 10:50:14,180:INFO:PyCaret Classification Module
2020-08-18 10:50:14,181:INFO:version 2.0
2020-08-18 10:50:14,181:INFO:Initializing setup()
2020-08-18 10:50:14,181:INFO:USI: 6957
2020-08-18 10:50:14,182:INFO:setup(data=(6991, 41), target=koi_disposition, train_size=0.7, sampling=True, sample_estimator=None, categorical_features=None, categorical_imputation=constant, ordinal_features=None,
                    high_cardinality_features=None, high_cardinality_method=frequency, numeric_features=None, numeric_imputation=mean, date_features=None, ignore_features=None, normalize=False,
                    normalize_method=zscore, transformation=False, transformation_method=yeo-johnson, handle_unknown_categorical=True, unknown_categorical_method=least_frequent, pca=False, pca_method=linear,
                    pca_components=None, ignore_low_variance=False, combine_rare_levels=False, rare_level_threshold=0.1, bin_numeric_features=None, remove_outliers=False, outliers_threshold=0.05,
                    remove_multicollinearity=False, multicollinearity_threshold=0.9, remove_perfect_collinearity=False, create_clusters=False, cluster_iter=20,
                    polynomial_features=False, polynomial_degree=2, trigonometry_features=False, polynomial_threshold=0.1, group_features=None,
                    group_names=None, feature_selection=False, feature_selection_threshold=0.8, feature_interaction=False, feature_ratio=False, interaction_threshold=0.01,
                    fix_imbalance=False, fix_imbalance_method=None, data_split_shuffle=True, folds_shuffle=False, n_jobs=-1, html=True, session_id=None, log_experiment=False,
                    experiment_name=None, log_plots=False, log_profile=False, log_data=False, silent=False, verbose=True, profile=False)
2020-08-18 10:50:14,182:INFO:Checking environment
2020-08-18 10:50:14,182:INFO:python_version: 3.8.3
2020-08-18 10:50:14,182:INFO:python_build: ('default', 'Jul  2 2020 11:26:31')
2020-08-18 10:50:14,183:INFO:machine: x86_64
2020-08-18 10:50:14,199:INFO:platform: macOS-10.13.6-x86_64-i386-64bit
2020-08-18 10:50:14,228:INFO:Memory: svmem(total=8589934592, available=2592198656, percent=69.8, used=4242534400, free=483561472, active=2284314624, inactive=1840533504, wired=1958219776)
2020-08-18 10:50:14,228:INFO:Physical Core: 2
2020-08-18 10:50:14,228:INFO:Logical Core: 4
2020-08-18 10:50:14,228:INFO:Checking libraries
2020-08-18 10:50:14,228:INFO:pd==1.0.5
2020-08-18 10:50:14,228:INFO:numpy==1.18.5
2020-08-18 10:50:15,501:INFO:sklearn==0.23.2
2020-08-18 10:50:16,526:WARNING:xgboost not found
2020-08-18 10:50:16,613:WARNING:lightgbm not found
2020-08-18 10:50:16,719:INFO:catboost==0.24
2020-08-18 10:50:18,150:INFO:mlflow==1.10.0
2020-08-18 10:50:18,151:INFO:Checking Exceptions
2020-08-18 10:50:18,151:INFO:Preloading libraries
2020-08-18 10:50:18,151:INFO:Preparing display monitor
2020-08-18 10:50:18,173:INFO:Importing libraries
2020-08-18 10:50:19,510:INFO:Copying data for preprocessing
2020-08-18 10:50:19,511:INFO:Declaring global variables
2020-08-18 10:50:19,522:INFO:Declaring preprocessing parameters
2020-08-18 10:50:19,523:INFO:Importing preprocessing module
2020-08-18 10:50:46,653:INFO:Initializing compare_models()
2020-08-18 10:50:46,653:INFO:compare_models(blacklist=None, whitelist=None, fold=10, round=4, sort=Accuracy, n_select=1, turbo=True, verbose=True)
2020-08-18 10:50:46,653:INFO:Checking exceptions
2020-08-18 10:52:23,914:INFO:PyCaret Regression Module
2020-08-18 10:52:23,916:INFO:version 2.0
2020-08-18 10:52:23,916:INFO:Initializing setup()
2020-08-18 10:52:23,916:INFO:USI: 521a
2020-08-18 10:52:23,916:INFO:setup(data=(1338, 7), target=charges, train_size=0.7, sampling=True, sample_estimator=None, categorical_features=None, categorical_imputation=constant, ordinal_features=None,
                    high_cardinality_features=None, high_cardinality_method=frequency, numeric_features=None, numeric_imputation=mean, date_features=None, ignore_features=None, normalize=False,
                    normalize_method=zscore, transformation=False, transformation_method=yeo-johnson, handle_unknown_categorical=True, unknown_categorical_method=least_frequent, pca=False, pca_method=linear,
                    pca_components=None, ignore_low_variance=False, combine_rare_levels=False, rare_level_threshold=0.1, bin_numeric_features=None, remove_outliers=False, outliers_threshold=0.05,
                    remove_multicollinearity=False, multicollinearity_threshold=0.9, remove_perfect_collinearity=False, create_clusters=False, cluster_iter=20,
                    polynomial_features=False, polynomial_degree=2, trigonometry_features=False, polynomial_threshold=0.1, group_features=None,
                    group_names=None, feature_selection=False, feature_selection_threshold=0.8, feature_interaction=False, feature_ratio=False, interaction_threshold=0.01, transform_target=False,
                    transform_target_method=box-cox, data_split_shuffle=True, folds_shuffle=False, n_jobs=-1, html=True, session_id=123, log_experiment=True,
                    experiment_name=insurance1, log_plots=False, log_profile=False, log_data=False, silent=False, verbose=True, profile=False)
2020-08-18 10:52:23,917:INFO:Checking environment
2020-08-18 10:52:23,917:INFO:python_version: 3.8.3
2020-08-18 10:52:23,917:INFO:python_build: ('default', 'Jul  2 2020 11:26:31')
2020-08-18 10:52:23,917:INFO:machine: x86_64
2020-08-18 10:52:23,917:INFO:platform: macOS-10.13.6-x86_64-i386-64bit
2020-08-18 10:52:23,917:INFO:Memory: svmem(total=8589934592, available=2472550400, percent=71.2, used=4390232064, free=15097856, active=2454429696, inactive=2081525760, wired=1935802368)
2020-08-18 10:52:23,918:INFO:Physical Core: 2
2020-08-18 10:52:23,918:INFO:Logical Core: 4
2020-08-18 10:52:23,918:INFO:Checking libraries
2020-08-18 10:52:23,918:INFO:pd==1.0.5
2020-08-18 10:52:23,918:INFO:numpy==1.18.5
2020-08-18 10:52:23,918:INFO:sklearn==0.23.2
2020-08-18 10:52:23,922:WARNING:xgboost not found
2020-08-18 10:52:23,925:WARNING:lightgbm not found
2020-08-18 10:52:23,925:INFO:catboost==0.24
2020-08-18 10:52:23,925:INFO:mlflow==1.10.0
2020-08-18 10:52:23,925:INFO:Checking Exceptions
2020-08-18 10:52:23,926:INFO:Preloading libraries
2020-08-18 10:52:23,926:INFO:Preparing display monitor
2020-08-18 10:52:23,951:INFO:Importing libraries
2020-08-18 10:52:23,964:INFO:Copying data for preprocessing
2020-08-18 10:52:23,965:INFO:Declaring global variables
2020-08-18 10:52:23,973:INFO:Declaring preprocessing parameters
2020-08-18 10:52:23,973:INFO:Importing preprocessing module
2020-08-18 10:53:23,152:INFO:PyCaret Regression Module
2020-08-18 10:53:23,153:INFO:version 2.0
2020-08-18 10:53:23,153:INFO:Initializing setup()
2020-08-18 10:53:23,154:INFO:USI: e680
2020-08-18 10:53:23,154:INFO:setup(data=(1338, 7), target=charges, train_size=0.7, sampling=True, sample_estimator=None, categorical_features=None, categorical_imputation=constant, ordinal_features=None,
                    high_cardinality_features=None, high_cardinality_method=frequency, numeric_features=None, numeric_imputation=mean, date_features=None, ignore_features=None, normalize=False,
                    normalize_method=zscore, transformation=False, transformation_method=yeo-johnson, handle_unknown_categorical=True, unknown_categorical_method=least_frequent, pca=False, pca_method=linear,
                    pca_components=None, ignore_low_variance=False, combine_rare_levels=False, rare_level_threshold=0.1, bin_numeric_features=None, remove_outliers=False, outliers_threshold=0.05,
                    remove_multicollinearity=False, multicollinearity_threshold=0.9, remove_perfect_collinearity=False, create_clusters=False, cluster_iter=20,
                    polynomial_features=False, polynomial_degree=2, trigonometry_features=False, polynomial_threshold=0.1, group_features=None,
                    group_names=None, feature_selection=False, feature_selection_threshold=0.8, feature_interaction=False, feature_ratio=False, interaction_threshold=0.01, transform_target=False,
                    transform_target_method=box-cox, data_split_shuffle=True, folds_shuffle=False, n_jobs=-1, html=True, session_id=123, log_experiment=True,
                    experiment_name=insurance1, log_plots=False, log_profile=False, log_data=False, silent=False, verbose=True, profile=False)
2020-08-18 10:53:23,154:INFO:Checking environment
2020-08-18 10:53:23,154:INFO:python_version: 3.8.3
2020-08-18 10:53:23,154:INFO:python_build: ('default', 'Jul  2 2020 11:26:31')
2020-08-18 10:53:23,154:INFO:machine: x86_64
2020-08-18 10:53:23,155:INFO:platform: macOS-10.13.6-x86_64-i386-64bit
2020-08-18 10:53:23,155:INFO:Memory: svmem(total=8589934592, available=2429804544, percent=71.7, used=4436357120, free=98947072, active=2543169536, inactive=2187444224, wired=1893187584)
2020-08-18 10:53:23,155:INFO:Physical Core: 2
2020-08-18 10:53:23,155:INFO:Logical Core: 4
2020-08-18 10:53:23,155:INFO:Checking libraries
2020-08-18 10:53:23,155:INFO:pd==1.0.5
2020-08-18 10:53:23,155:INFO:numpy==1.18.5
2020-08-18 10:53:23,155:INFO:sklearn==0.23.2
2020-08-18 10:53:23,194:INFO:xgboost==1.1.1
2020-08-18 10:53:23,220:INFO:lightgbm==2.3.1
2020-08-18 10:53:23,220:INFO:catboost==0.24
2020-08-18 10:53:23,220:INFO:mlflow==1.10.0
2020-08-18 10:53:23,220:INFO:Checking Exceptions
2020-08-18 10:53:23,220:INFO:Preloading libraries
2020-08-18 10:53:23,220:INFO:Preparing display monitor
2020-08-18 10:53:23,236:INFO:Importing libraries
2020-08-18 10:53:23,247:INFO:Copying data for preprocessing
2020-08-18 10:53:23,247:INFO:Declaring global variables
2020-08-18 10:53:23,259:INFO:Declaring preprocessing parameters
2020-08-18 10:53:23,259:INFO:Importing preprocessing module
2020-08-18 10:53:23,497:INFO:Creating preprocessing pipeline
2020-08-18 10:53:45,202:INFO:PyCaret Classification Module
2020-08-18 10:53:45,202:INFO:version 2.0
2020-08-18 10:53:45,202:INFO:Initializing setup()
2020-08-18 10:53:45,203:INFO:USI: ff1e
2020-08-18 10:53:45,203:INFO:setup(data=(6991, 41), target=koi_disposition, train_size=0.7, sampling=True, sample_estimator=None, categorical_features=None, categorical_imputation=constant, ordinal_features=None,
                    high_cardinality_features=None, high_cardinality_method=frequency, numeric_features=None, numeric_imputation=mean, date_features=None, ignore_features=None, normalize=False,
                    normalize_method=zscore, transformation=False, transformation_method=yeo-johnson, handle_unknown_categorical=True, unknown_categorical_method=least_frequent, pca=False, pca_method=linear,
                    pca_components=None, ignore_low_variance=False, combine_rare_levels=False, rare_level_threshold=0.1, bin_numeric_features=None, remove_outliers=False, outliers_threshold=0.05,
                    remove_multicollinearity=False, multicollinearity_threshold=0.9, remove_perfect_collinearity=False, create_clusters=False, cluster_iter=20,
                    polynomial_features=False, polynomial_degree=2, trigonometry_features=False, polynomial_threshold=0.1, group_features=None,
                    group_names=None, feature_selection=False, feature_selection_threshold=0.8, feature_interaction=False, feature_ratio=False, interaction_threshold=0.01,
                    fix_imbalance=False, fix_imbalance_method=None, data_split_shuffle=True, folds_shuffle=False, n_jobs=-1, html=True, session_id=None, log_experiment=False,
                    experiment_name=None, log_plots=False, log_profile=False, log_data=False, silent=False, verbose=True, profile=False)
2020-08-18 10:53:45,203:INFO:Checking environment
2020-08-18 10:53:45,203:INFO:python_version: 3.8.3
2020-08-18 10:53:45,203:INFO:python_build: ('default', 'Jul  2 2020 11:26:31')
2020-08-18 10:53:45,204:INFO:machine: x86_64
2020-08-18 10:53:45,204:INFO:platform: macOS-10.13.6-x86_64-i386-64bit
2020-08-18 10:53:45,204:INFO:Memory: svmem(total=8589934592, available=2482798592, percent=71.1, used=4382167040, free=96256000, active=2494287872, inactive=2281897984, wired=1887879168)
2020-08-18 10:53:45,204:INFO:Physical Core: 2
2020-08-18 10:53:45,204:INFO:Logical Core: 4
2020-08-18 10:53:45,204:INFO:Checking libraries
2020-08-18 10:53:45,204:INFO:pd==1.0.5
2020-08-18 10:53:45,205:INFO:numpy==1.18.5
2020-08-18 10:53:45,205:INFO:sklearn==0.23.2
2020-08-18 10:53:45,205:INFO:xgboost==1.1.1
2020-08-18 10:53:45,205:INFO:lightgbm==2.3.1
2020-08-18 10:53:45,205:INFO:catboost==0.24
2020-08-18 10:53:45,205:INFO:mlflow==1.10.0
2020-08-18 10:53:45,205:INFO:Checking Exceptions
2020-08-18 10:53:45,206:INFO:Preloading libraries
2020-08-18 10:53:45,206:INFO:Preparing display monitor
2020-08-18 10:53:45,231:INFO:Importing libraries
2020-08-18 10:53:45,243:INFO:Copying data for preprocessing
2020-08-18 10:53:45,245:INFO:Declaring global variables
2020-08-18 10:53:45,256:INFO:Declaring preprocessing parameters
2020-08-18 10:53:45,256:INFO:Importing preprocessing module
2020-08-18 10:53:45,256:INFO:Creating preprocessing pipeline
2020-08-18 10:53:47,109:INFO:Preprocessing pipeline created successfully
2020-08-18 10:53:47,109:INFO:Creating grid variables
2020-08-18 10:53:47,113:INFO:Creating global containers
2020-08-18 10:53:47,269:INFO:create_model_container 0
2020-08-18 10:53:47,269:INFO:master_model_container 0
2020-08-18 10:53:47,270:INFO:display_container 0
2020-08-18 10:53:47,278:INFO:Pipeline(memory=None,
         steps=[('dtypes',
                 DataTypes_Auto_infer(categorical_features=[],
                                      display_types=True, features_todrop=[],
                                      ml_usecase='classification',
                                      numerical_features=[],
                                      target='koi_disposition',
                                      time_features=[])),
                ('imputer',
                 Simple_Imputer(categorical_strategy='not_available',
                                numeric_strategy='mean',
                                target_variable=None)),
                ('new_levels1',
                 New_Catago...
                ('group', Empty()), ('nonliner', Empty()), ('scaling', Empty()),
                ('P_transform', Empty()), ('pt_target', Empty()),
                ('binn', Empty()), ('rem_outliers', Empty()),
                ('cluster_all', Empty()),
                ('dummy', Dummify(target='koi_disposition')),
                ('fix_perfect', Empty()), ('clean_names', Clean_Colum_Names()),
                ('feature_select', Empty()), ('fix_multi', Empty()),
                ('dfs', Empty()), ('pca', Empty())],
         verbose=False)
2020-08-18 10:53:47,278:INFO:setup() succesfully completed......................................
2020-08-18 10:54:07,031:INFO:Initializing compare_models()
2020-08-18 10:54:07,031:INFO:compare_models(blacklist=None, whitelist=None, fold=10, round=4, sort=Accuracy, n_select=1, turbo=True, verbose=True)
2020-08-18 10:54:07,032:INFO:Checking exceptions
2020-08-18 10:54:07,034:INFO:Preloading libraries
2020-08-18 10:54:07,035:INFO:Preparing display monitor
2020-08-18 10:54:07,077:INFO:Copying training dataset
2020-08-18 10:54:07,078:INFO:Importing libraries
2020-08-18 10:54:07,126:INFO:Importing untrained models
2020-08-18 10:54:07,129:INFO:Import successful
2020-08-18 10:54:07,147:INFO:Defining folds
2020-08-18 10:54:07,147:INFO:Declaring metric variables
2020-08-18 10:54:07,147:INFO:Initializing Logistic Regression
2020-08-18 10:54:07,169:INFO:Initializing Fold 1
2020-08-18 10:54:07,185:INFO:Fitting Model
2020-08-18 10:54:07,757:INFO:Evaluating Metrics
2020-08-18 10:54:07,775:INFO:Compiling Metrics
2020-08-18 10:54:07,790:INFO:Initializing Fold 2
2020-08-18 10:54:07,802:INFO:Fitting Model
2020-08-18 10:54:08,282:INFO:Evaluating Metrics
2020-08-18 10:54:08,313:INFO:Compiling Metrics
2020-08-18 10:54:08,325:INFO:Initializing Fold 3
2020-08-18 10:54:08,340:INFO:Fitting Model
2020-08-18 10:54:08,753:INFO:Evaluating Metrics
2020-08-18 10:54:08,770:INFO:Compiling Metrics
2020-08-18 10:54:08,778:INFO:Initializing Fold 4
2020-08-18 10:54:08,793:INFO:Fitting Model
2020-08-18 10:54:09,190:INFO:Evaluating Metrics
2020-08-18 10:54:09,209:INFO:Compiling Metrics
2020-08-18 10:54:09,219:INFO:Initializing Fold 5
2020-08-18 10:54:09,234:INFO:Fitting Model
2020-08-18 10:54:09,687:INFO:Evaluating Metrics
2020-08-18 10:54:09,715:INFO:Compiling Metrics
2020-08-18 10:54:09,723:INFO:Initializing Fold 6
2020-08-18 10:54:09,736:INFO:Fitting Model
2020-08-18 10:54:10,047:INFO:Evaluating Metrics
2020-08-18 10:54:10,064:INFO:Compiling Metrics
2020-08-18 10:54:10,073:INFO:Initializing Fold 7
2020-08-18 10:54:10,089:INFO:Fitting Model
2020-08-18 10:54:10,480:INFO:Evaluating Metrics
2020-08-18 10:54:10,505:INFO:Compiling Metrics
2020-08-18 10:54:10,516:INFO:Initializing Fold 8
2020-08-18 10:54:10,529:INFO:Fitting Model
2020-08-18 10:54:10,934:INFO:Evaluating Metrics
2020-08-18 10:54:10,952:INFO:Compiling Metrics
2020-08-18 10:54:10,962:INFO:Initializing Fold 9
2020-08-18 10:54:10,975:INFO:Fitting Model
2020-08-18 10:54:11,394:INFO:Evaluating Metrics
2020-08-18 10:54:11,421:INFO:Compiling Metrics
2020-08-18 10:54:11,428:INFO:Initializing Fold 10
2020-08-18 10:54:11,441:INFO:Fitting Model
2020-08-18 10:54:11,857:INFO:Evaluating Metrics
2020-08-18 10:54:11,875:INFO:Compiling Metrics
2020-08-18 10:54:11,883:INFO:Calculating mean and std
2020-08-18 10:54:11,883:INFO:Creating metrics dataframe
2020-08-18 10:54:11,905:INFO:Initializing K Neighbors Classifier
2020-08-18 10:54:11,919:INFO:Initializing Fold 1
2020-08-18 10:54:11,935:INFO:Fitting Model
2020-08-18 10:54:11,996:INFO:Evaluating Metrics
2020-08-18 10:54:12,126:INFO:Compiling Metrics
2020-08-18 10:54:12,138:INFO:Initializing Fold 2
2020-08-18 10:54:12,162:INFO:Fitting Model
2020-08-18 10:54:12,214:INFO:Evaluating Metrics
2020-08-18 10:54:12,313:INFO:Compiling Metrics
2020-08-18 10:54:12,320:INFO:Initializing Fold 3
2020-08-18 10:54:12,333:INFO:Fitting Model
2020-08-18 10:54:12,386:INFO:Evaluating Metrics
2020-08-18 10:54:12,488:INFO:Compiling Metrics
2020-08-18 10:54:12,496:INFO:Initializing Fold 4
2020-08-18 10:54:12,505:INFO:Fitting Model
2020-08-18 10:54:12,553:INFO:Evaluating Metrics
2020-08-18 10:54:12,648:INFO:Compiling Metrics
2020-08-18 10:54:12,656:INFO:Initializing Fold 5
2020-08-18 10:54:12,667:INFO:Fitting Model
2020-08-18 10:54:12,730:INFO:Evaluating Metrics
2020-08-18 10:54:12,825:INFO:Compiling Metrics
2020-08-18 10:54:12,834:INFO:Initializing Fold 6
2020-08-18 10:54:12,845:INFO:Fitting Model
2020-08-18 10:54:12,897:INFO:Evaluating Metrics
2020-08-18 10:54:13,000:INFO:Compiling Metrics
2020-08-18 10:54:13,007:INFO:Initializing Fold 7
2020-08-18 10:54:13,021:INFO:Fitting Model
2020-08-18 10:54:13,069:INFO:Evaluating Metrics
2020-08-18 10:54:13,169:INFO:Compiling Metrics
2020-08-18 10:54:13,177:INFO:Initializing Fold 8
2020-08-18 10:54:13,190:INFO:Fitting Model
2020-08-18 10:54:13,241:INFO:Evaluating Metrics
2020-08-18 10:54:13,337:INFO:Compiling Metrics
2020-08-18 10:54:13,349:INFO:Initializing Fold 9
2020-08-18 10:54:13,366:INFO:Fitting Model
2020-08-18 10:54:13,432:INFO:Evaluating Metrics
2020-08-18 10:54:13,553:INFO:Compiling Metrics
2020-08-18 10:54:13,571:INFO:Initializing Fold 10
2020-08-18 10:54:13,583:INFO:Fitting Model
2020-08-18 10:54:13,655:INFO:Evaluating Metrics
2020-08-18 10:54:13,757:INFO:Compiling Metrics
2020-08-18 10:54:13,766:INFO:Calculating mean and std
2020-08-18 10:54:13,767:INFO:Creating metrics dataframe
2020-08-18 10:54:13,783:INFO:Initializing Naive Bayes
2020-08-18 10:54:13,797:INFO:Initializing Fold 1
2020-08-18 10:54:13,811:INFO:Fitting Model
2020-08-18 10:54:13,855:INFO:Evaluating Metrics
2020-08-18 10:54:13,875:INFO:Compiling Metrics
2020-08-18 10:54:13,882:INFO:Initializing Fold 2
2020-08-18 10:54:13,893:INFO:Fitting Model
2020-08-18 10:54:13,935:INFO:Evaluating Metrics
2020-08-18 10:54:13,968:INFO:Compiling Metrics
2020-08-18 10:54:13,982:INFO:Initializing Fold 3
2020-08-18 10:54:13,992:INFO:Fitting Model
2020-08-18 10:54:14,028:INFO:Evaluating Metrics
2020-08-18 10:54:14,049:INFO:Compiling Metrics
2020-08-18 10:54:14,056:INFO:Initializing Fold 4
2020-08-18 10:54:14,068:INFO:Fitting Model
2020-08-18 10:54:14,099:INFO:Evaluating Metrics
2020-08-18 10:54:14,122:INFO:Compiling Metrics
2020-08-18 10:54:14,130:INFO:Initializing Fold 5
2020-08-18 10:54:14,142:INFO:Fitting Model
2020-08-18 10:54:14,175:INFO:Evaluating Metrics
2020-08-18 10:54:14,197:INFO:Compiling Metrics
2020-08-18 10:54:14,210:INFO:Initializing Fold 6
2020-08-18 10:54:14,223:INFO:Fitting Model
2020-08-18 10:54:14,266:INFO:Evaluating Metrics
2020-08-18 10:54:14,300:INFO:Compiling Metrics
2020-08-18 10:54:14,311:INFO:Initializing Fold 7
2020-08-18 10:54:14,324:INFO:Fitting Model
2020-08-18 10:54:14,361:INFO:Evaluating Metrics
2020-08-18 10:54:14,379:INFO:Compiling Metrics
2020-08-18 10:54:14,387:INFO:Initializing Fold 8
2020-08-18 10:54:14,403:INFO:Fitting Model
2020-08-18 10:54:14,438:INFO:Evaluating Metrics
2020-08-18 10:54:14,470:INFO:Compiling Metrics
2020-08-18 10:54:14,480:INFO:Initializing Fold 9
2020-08-18 10:54:14,500:INFO:Fitting Model
2020-08-18 10:54:14,553:INFO:Evaluating Metrics
2020-08-18 10:54:14,579:INFO:Compiling Metrics
2020-08-18 10:54:14,586:INFO:Initializing Fold 10
2020-08-18 10:54:14,600:INFO:Fitting Model
2020-08-18 10:54:14,636:INFO:Evaluating Metrics
2020-08-18 10:54:14,673:INFO:Compiling Metrics
2020-08-18 10:54:14,680:INFO:Calculating mean and std
2020-08-18 10:54:14,681:INFO:Creating metrics dataframe
2020-08-18 10:54:14,702:INFO:Initializing Decision Tree Classifier
2020-08-18 10:54:14,714:INFO:Initializing Fold 1
2020-08-18 10:54:14,728:INFO:Fitting Model
2020-08-18 10:54:15,172:INFO:Evaluating Metrics
2020-08-18 10:54:15,203:INFO:Compiling Metrics
2020-08-18 10:54:15,210:INFO:Initializing Fold 2
2020-08-18 10:54:15,223:INFO:Fitting Model
2020-08-18 10:54:15,635:INFO:Evaluating Metrics
2020-08-18 10:54:15,655:INFO:Compiling Metrics
2020-08-18 10:54:15,664:INFO:Initializing Fold 3
2020-08-18 10:54:15,677:INFO:Fitting Model
2020-08-18 10:54:16,121:INFO:Evaluating Metrics
2020-08-18 10:54:16,137:INFO:Compiling Metrics
2020-08-18 10:54:16,149:INFO:Initializing Fold 4
2020-08-18 10:54:16,166:INFO:Fitting Model
2020-08-18 10:54:16,624:INFO:Evaluating Metrics
2020-08-18 10:54:16,644:INFO:Compiling Metrics
2020-08-18 10:54:16,656:INFO:Initializing Fold 5
2020-08-18 10:54:16,670:INFO:Fitting Model
2020-08-18 10:54:17,132:INFO:Evaluating Metrics
2020-08-18 10:54:17,157:INFO:Compiling Metrics
2020-08-18 10:54:17,169:INFO:Initializing Fold 6
2020-08-18 10:54:17,181:INFO:Fitting Model
2020-08-18 10:54:17,671:INFO:Evaluating Metrics
2020-08-18 10:54:17,707:INFO:Compiling Metrics
2020-08-18 10:54:17,724:INFO:Initializing Fold 7
2020-08-18 10:54:17,746:INFO:Fitting Model
2020-08-18 10:54:18,216:INFO:Evaluating Metrics
2020-08-18 10:54:18,233:INFO:Compiling Metrics
2020-08-18 10:54:18,240:INFO:Initializing Fold 8
2020-08-18 10:54:18,253:INFO:Fitting Model
2020-08-18 10:54:18,727:INFO:Evaluating Metrics
2020-08-18 10:54:18,747:INFO:Compiling Metrics
2020-08-18 10:54:18,761:INFO:Initializing Fold 9
2020-08-18 10:54:18,780:INFO:Fitting Model
2020-08-18 10:54:19,357:INFO:Evaluating Metrics
2020-08-18 10:54:19,388:INFO:Compiling Metrics
2020-08-18 10:54:19,405:INFO:Initializing Fold 10
2020-08-18 10:54:19,421:INFO:Fitting Model
2020-08-18 10:54:19,956:INFO:Evaluating Metrics
2020-08-18 10:54:19,988:INFO:Compiling Metrics
2020-08-18 10:54:19,997:INFO:Calculating mean and std
2020-08-18 10:54:20,005:INFO:Creating metrics dataframe
2020-08-18 10:54:20,028:INFO:Initializing SVM - Linear Kernel
2020-08-18 10:54:20,045:INFO:Initializing Fold 1
2020-08-18 10:54:20,063:INFO:Fitting Model
2020-08-18 10:54:20,152:INFO:Evaluating Metrics
2020-08-18 10:54:20,152:WARNING:model has no predict_proba attribute. pred_prob set to 0.00
2020-08-18 10:54:20,171:INFO:Compiling Metrics
2020-08-18 10:54:20,184:INFO:Initializing Fold 2
2020-08-18 10:54:20,206:INFO:Fitting Model
2020-08-18 10:54:20,286:INFO:Evaluating Metrics
2020-08-18 10:54:20,286:WARNING:model has no predict_proba attribute. pred_prob set to 0.00
2020-08-18 10:54:20,297:INFO:Compiling Metrics
2020-08-18 10:54:20,305:INFO:Initializing Fold 3
2020-08-18 10:54:20,317:INFO:Fitting Model
2020-08-18 10:54:20,395:INFO:Evaluating Metrics
2020-08-18 10:54:20,395:WARNING:model has no predict_proba attribute. pred_prob set to 0.00
2020-08-18 10:54:20,408:INFO:Compiling Metrics
2020-08-18 10:54:20,417:INFO:Initializing Fold 4
2020-08-18 10:54:20,430:INFO:Fitting Model
2020-08-18 10:54:20,530:INFO:Evaluating Metrics
2020-08-18 10:54:20,530:WARNING:model has no predict_proba attribute. pred_prob set to 0.00
2020-08-18 10:54:20,554:INFO:Compiling Metrics
2020-08-18 10:54:20,564:INFO:Initializing Fold 5
2020-08-18 10:54:20,590:INFO:Fitting Model
2020-08-18 10:54:20,709:INFO:Evaluating Metrics
2020-08-18 10:54:20,709:WARNING:model has no predict_proba attribute. pred_prob set to 0.00
2020-08-18 10:54:20,728:INFO:Compiling Metrics
2020-08-18 10:54:20,742:INFO:Initializing Fold 6
2020-08-18 10:54:20,757:INFO:Fitting Model
2020-08-18 10:54:20,838:INFO:Evaluating Metrics
2020-08-18 10:54:20,839:WARNING:model has no predict_proba attribute. pred_prob set to 0.00
2020-08-18 10:54:20,850:INFO:Compiling Metrics
2020-08-18 10:54:20,859:INFO:Initializing Fold 7
2020-08-18 10:54:20,871:INFO:Fitting Model
2020-08-18 10:54:20,921:INFO:Evaluating Metrics
2020-08-18 10:54:20,921:WARNING:model has no predict_proba attribute. pred_prob set to 0.00
2020-08-18 10:54:20,932:INFO:Compiling Metrics
2020-08-18 10:54:20,940:INFO:Initializing Fold 8
2020-08-18 10:54:20,952:INFO:Fitting Model
2020-08-18 10:54:21,008:INFO:Evaluating Metrics
2020-08-18 10:54:21,008:WARNING:model has no predict_proba attribute. pred_prob set to 0.00
2020-08-18 10:54:21,019:INFO:Compiling Metrics
2020-08-18 10:54:21,027:INFO:Initializing Fold 9
2020-08-18 10:54:21,041:INFO:Fitting Model
2020-08-18 10:54:21,093:INFO:Evaluating Metrics
2020-08-18 10:54:21,093:WARNING:model has no predict_proba attribute. pred_prob set to 0.00
2020-08-18 10:54:21,105:INFO:Compiling Metrics
2020-08-18 10:54:21,113:INFO:Initializing Fold 10
2020-08-18 10:54:21,127:INFO:Fitting Model
2020-08-18 10:54:21,204:INFO:Evaluating Metrics
2020-08-18 10:54:21,204:WARNING:model has no predict_proba attribute. pred_prob set to 0.00
2020-08-18 10:54:21,223:INFO:Compiling Metrics
2020-08-18 10:54:21,232:INFO:Calculating mean and std
2020-08-18 10:54:21,233:INFO:Creating metrics dataframe
2020-08-18 10:54:21,261:INFO:Initializing Ridge Classifier
2020-08-18 10:54:21,274:INFO:Initializing Fold 1
2020-08-18 10:54:21,287:INFO:Fitting Model
2020-08-18 10:54:21,358:INFO:Evaluating Metrics
2020-08-18 10:54:21,358:WARNING:model has no predict_proba attribute. pred_prob set to 0.00
2020-08-18 10:54:21,373:INFO:Compiling Metrics
2020-08-18 10:54:21,381:INFO:Initializing Fold 2
2020-08-18 10:54:21,397:INFO:Fitting Model
2020-08-18 10:54:21,433:INFO:Evaluating Metrics
2020-08-18 10:54:21,433:WARNING:model has no predict_proba attribute. pred_prob set to 0.00
2020-08-18 10:54:21,448:INFO:Compiling Metrics
2020-08-18 10:54:21,461:INFO:Initializing Fold 3
2020-08-18 10:54:21,477:INFO:Fitting Model
2020-08-18 10:54:21,514:INFO:Evaluating Metrics
2020-08-18 10:54:21,514:WARNING:model has no predict_proba attribute. pred_prob set to 0.00
2020-08-18 10:54:21,526:INFO:Compiling Metrics
2020-08-18 10:54:21,534:INFO:Initializing Fold 4
2020-08-18 10:54:21,548:INFO:Fitting Model
2020-08-18 10:54:21,580:INFO:Evaluating Metrics
2020-08-18 10:54:21,580:WARNING:model has no predict_proba attribute. pred_prob set to 0.00
2020-08-18 10:54:21,592:INFO:Compiling Metrics
2020-08-18 10:54:21,603:INFO:Initializing Fold 5
2020-08-18 10:54:21,618:INFO:Fitting Model
2020-08-18 10:54:21,660:INFO:Evaluating Metrics
2020-08-18 10:54:21,661:WARNING:model has no predict_proba attribute. pred_prob set to 0.00
2020-08-18 10:54:21,679:INFO:Compiling Metrics
2020-08-18 10:54:21,697:INFO:Initializing Fold 6
2020-08-18 10:54:21,723:INFO:Fitting Model
2020-08-18 10:54:21,818:INFO:Evaluating Metrics
2020-08-18 10:54:21,818:WARNING:model has no predict_proba attribute. pred_prob set to 0.00
2020-08-18 10:54:21,842:INFO:Compiling Metrics
2020-08-18 10:54:21,870:INFO:Initializing Fold 7
2020-08-18 10:54:21,894:INFO:Fitting Model
2020-08-18 10:54:21,976:INFO:Evaluating Metrics
2020-08-18 10:54:21,976:WARNING:model has no predict_proba attribute. pred_prob set to 0.00
2020-08-18 10:54:22,000:INFO:Compiling Metrics
2020-08-18 10:54:22,016:INFO:Initializing Fold 8
2020-08-18 10:54:22,031:INFO:Fitting Model
2020-08-18 10:54:22,079:INFO:Evaluating Metrics
2020-08-18 10:54:22,079:WARNING:model has no predict_proba attribute. pred_prob set to 0.00
2020-08-18 10:54:22,105:INFO:Compiling Metrics
2020-08-18 10:54:22,127:INFO:Initializing Fold 9
2020-08-18 10:54:22,140:INFO:Fitting Model
2020-08-18 10:54:22,188:INFO:Evaluating Metrics
2020-08-18 10:54:22,188:WARNING:model has no predict_proba attribute. pred_prob set to 0.00
2020-08-18 10:54:22,211:INFO:Compiling Metrics
2020-08-18 10:54:22,223:INFO:Initializing Fold 10
2020-08-18 10:54:22,235:INFO:Fitting Model
2020-08-18 10:54:22,280:INFO:Evaluating Metrics
2020-08-18 10:54:22,280:WARNING:model has no predict_proba attribute. pred_prob set to 0.00
2020-08-18 10:54:22,293:INFO:Compiling Metrics
2020-08-18 10:54:22,313:INFO:Calculating mean and std
2020-08-18 10:54:22,315:INFO:Creating metrics dataframe
2020-08-18 10:54:22,342:INFO:Initializing Random Forest Classifier
2020-08-18 10:54:22,359:INFO:Initializing Fold 1
2020-08-18 10:54:22,375:INFO:Fitting Model
2020-08-18 10:54:25,615:INFO:Evaluating Metrics
2020-08-18 10:54:25,711:INFO:Compiling Metrics
2020-08-18 10:54:25,727:INFO:Initializing Fold 2
2020-08-18 10:54:25,753:INFO:Fitting Model
2020-08-18 10:54:26,075:INFO:Evaluating Metrics
2020-08-18 10:54:26,138:INFO:Compiling Metrics
2020-08-18 10:54:26,150:INFO:Initializing Fold 3
2020-08-18 10:54:26,167:INFO:Fitting Model
2020-08-18 10:54:26,513:INFO:Evaluating Metrics
2020-08-18 10:54:26,581:INFO:Compiling Metrics
2020-08-18 10:54:26,589:INFO:Initializing Fold 4
2020-08-18 10:54:26,606:INFO:Fitting Model
2020-08-18 10:54:26,994:INFO:Evaluating Metrics
2020-08-18 10:54:27,091:INFO:Compiling Metrics
2020-08-18 10:54:27,106:INFO:Initializing Fold 5
2020-08-18 10:54:27,124:INFO:Fitting Model
2020-08-18 10:54:27,522:INFO:Evaluating Metrics
2020-08-18 10:54:27,592:INFO:Compiling Metrics
2020-08-18 10:54:27,610:INFO:Initializing Fold 6
2020-08-18 10:54:27,630:INFO:Fitting Model
2020-08-18 10:54:27,935:INFO:Evaluating Metrics
2020-08-18 10:54:28,013:INFO:Compiling Metrics
2020-08-18 10:54:28,031:INFO:Initializing Fold 7
2020-08-18 10:54:28,063:INFO:Fitting Model
2020-08-18 10:54:28,438:INFO:Evaluating Metrics
2020-08-18 10:54:28,507:INFO:Compiling Metrics
2020-08-18 10:54:28,522:INFO:Initializing Fold 8
2020-08-18 10:54:28,535:INFO:Fitting Model
2020-08-18 10:54:29,029:INFO:Evaluating Metrics
2020-08-18 10:54:29,145:INFO:Compiling Metrics
2020-08-18 10:54:29,171:INFO:Initializing Fold 9
2020-08-18 10:54:29,198:INFO:Fitting Model
2020-08-18 10:54:29,507:INFO:Evaluating Metrics
2020-08-18 10:54:29,575:INFO:Compiling Metrics
2020-08-18 10:54:29,582:INFO:Initializing Fold 10
2020-08-18 10:54:29,594:INFO:Fitting Model
2020-08-18 10:54:29,909:INFO:Evaluating Metrics
2020-08-18 10:54:29,971:INFO:Compiling Metrics
2020-08-18 10:54:29,978:INFO:Calculating mean and std
2020-08-18 10:54:29,979:INFO:Creating metrics dataframe
2020-08-18 10:54:30,001:INFO:Initializing Quadratic Discriminant Analysis
2020-08-18 10:54:30,015:INFO:Initializing Fold 1
2020-08-18 10:54:30,026:INFO:Fitting Model
2020-08-18 10:54:30,146:INFO:Evaluating Metrics
2020-08-18 10:54:30,179:INFO:Compiling Metrics
2020-08-18 10:54:30,188:INFO:Initializing Fold 2
2020-08-18 10:54:30,201:INFO:Fitting Model
2020-08-18 10:54:30,260:INFO:Evaluating Metrics
2020-08-18 10:54:30,285:INFO:Compiling Metrics
2020-08-18 10:54:30,297:INFO:Initializing Fold 3
2020-08-18 10:54:30,315:INFO:Fitting Model
2020-08-18 10:54:30,372:INFO:Evaluating Metrics
2020-08-18 10:54:30,397:INFO:Compiling Metrics
2020-08-18 10:54:30,411:INFO:Initializing Fold 4
2020-08-18 10:54:30,426:INFO:Fitting Model
2020-08-18 10:54:30,480:INFO:Evaluating Metrics
2020-08-18 10:54:30,514:INFO:Compiling Metrics
2020-08-18 10:54:30,525:INFO:Initializing Fold 5
2020-08-18 10:54:30,537:INFO:Fitting Model
2020-08-18 10:54:30,592:INFO:Evaluating Metrics
2020-08-18 10:54:30,613:INFO:Compiling Metrics
2020-08-18 10:54:30,621:INFO:Initializing Fold 6
2020-08-18 10:54:30,632:INFO:Fitting Model
2020-08-18 10:54:30,676:INFO:Evaluating Metrics
2020-08-18 10:54:30,706:INFO:Compiling Metrics
2020-08-18 10:54:30,722:INFO:Initializing Fold 7
2020-08-18 10:54:30,734:INFO:Fitting Model
2020-08-18 10:54:30,815:INFO:Evaluating Metrics
2020-08-18 10:54:30,845:INFO:Compiling Metrics
2020-08-18 10:54:30,861:INFO:Initializing Fold 8
2020-08-18 10:54:30,876:INFO:Fitting Model
2020-08-18 10:54:30,940:INFO:Evaluating Metrics
2020-08-18 10:54:30,978:INFO:Compiling Metrics
2020-08-18 10:54:30,986:INFO:Initializing Fold 9
2020-08-18 10:54:31,001:INFO:Fitting Model
2020-08-18 10:54:31,076:INFO:Evaluating Metrics
2020-08-18 10:54:31,111:INFO:Compiling Metrics
2020-08-18 10:54:31,125:INFO:Initializing Fold 10
2020-08-18 10:54:31,137:INFO:Fitting Model
2020-08-18 10:54:31,221:INFO:Evaluating Metrics
2020-08-18 10:54:31,255:INFO:Compiling Metrics
2020-08-18 10:54:31,270:INFO:Calculating mean and std
2020-08-18 10:54:31,271:INFO:Creating metrics dataframe
2020-08-18 10:54:31,289:INFO:Initializing Ada Boost Classifier
2020-08-18 10:54:31,304:INFO:Initializing Fold 1
2020-08-18 10:54:31,320:INFO:Fitting Model
2020-08-18 10:54:34,403:INFO:Evaluating Metrics
2020-08-18 10:54:34,524:INFO:Compiling Metrics
2020-08-18 10:54:34,531:INFO:Initializing Fold 2
2020-08-18 10:54:34,543:INFO:Fitting Model
2020-08-18 10:54:37,522:INFO:Evaluating Metrics
2020-08-18 10:54:37,625:INFO:Compiling Metrics
2020-08-18 10:54:37,633:INFO:Initializing Fold 3
2020-08-18 10:54:37,643:INFO:Fitting Model
2020-08-18 10:54:41,129:INFO:Evaluating Metrics
2020-08-18 10:54:41,266:INFO:Compiling Metrics
2020-08-18 10:54:41,275:INFO:Initializing Fold 4
2020-08-18 10:54:41,289:INFO:Fitting Model
2020-08-18 10:54:44,624:INFO:Evaluating Metrics
2020-08-18 10:54:44,716:INFO:Compiling Metrics
2020-08-18 10:54:44,723:INFO:Initializing Fold 5
2020-08-18 10:54:44,733:INFO:Fitting Model
2020-08-18 10:54:47,742:INFO:Evaluating Metrics
2020-08-18 10:54:47,835:INFO:Compiling Metrics
2020-08-18 10:54:47,842:INFO:Initializing Fold 6
2020-08-18 10:54:47,853:INFO:Fitting Model
2020-08-18 10:54:50,953:INFO:Evaluating Metrics
2020-08-18 10:54:51,046:INFO:Compiling Metrics
2020-08-18 10:54:51,053:INFO:Initializing Fold 7
2020-08-18 10:54:51,063:INFO:Fitting Model
2020-08-18 10:54:54,031:INFO:Evaluating Metrics
2020-08-18 10:54:54,212:INFO:Compiling Metrics
2020-08-18 10:54:54,228:INFO:Initializing Fold 8
2020-08-18 10:54:54,241:INFO:Fitting Model
2020-08-18 10:54:57,184:INFO:Evaluating Metrics
2020-08-18 10:54:57,305:INFO:Compiling Metrics
2020-08-18 10:54:57,314:INFO:Initializing Fold 9
2020-08-18 10:54:57,325:INFO:Fitting Model
2020-08-18 10:55:00,125:INFO:Evaluating Metrics
2020-08-18 10:55:00,223:INFO:Compiling Metrics
2020-08-18 10:55:00,231:INFO:Initializing Fold 10
2020-08-18 10:55:00,241:INFO:Fitting Model
2020-08-18 10:55:02,992:INFO:Evaluating Metrics
2020-08-18 10:55:03,099:INFO:Compiling Metrics
2020-08-18 10:55:03,113:INFO:Calculating mean and std
2020-08-18 10:55:03,113:INFO:Creating metrics dataframe
2020-08-18 10:55:03,132:INFO:Initializing Gradient Boosting Classifier
2020-08-18 10:55:03,142:INFO:Initializing Fold 1
2020-08-18 10:55:03,152:INFO:Fitting Model
2020-08-18 10:55:16,988:INFO:Evaluating Metrics
2020-08-18 10:55:17,019:INFO:Compiling Metrics
2020-08-18 10:55:17,029:INFO:Initializing Fold 2
2020-08-18 10:55:17,040:INFO:Fitting Model
2020-08-18 10:55:31,034:INFO:Evaluating Metrics
2020-08-18 10:55:31,063:INFO:Compiling Metrics
2020-08-18 10:55:31,075:INFO:Initializing Fold 3
2020-08-18 10:55:31,085:INFO:Fitting Model
2020-08-18 10:55:46,296:INFO:Evaluating Metrics
2020-08-18 10:55:46,353:INFO:Compiling Metrics
2020-08-18 10:55:46,382:INFO:Initializing Fold 4
2020-08-18 10:55:46,409:INFO:Fitting Model
2020-08-18 10:56:01,085:INFO:Evaluating Metrics
2020-08-18 10:56:01,115:INFO:Compiling Metrics
2020-08-18 10:56:01,127:INFO:Initializing Fold 5
2020-08-18 10:56:01,140:INFO:Fitting Model
2020-08-18 10:56:15,009:INFO:Evaluating Metrics
2020-08-18 10:56:15,040:INFO:Compiling Metrics
2020-08-18 10:56:15,049:INFO:Initializing Fold 6
2020-08-18 10:56:15,061:INFO:Fitting Model
2020-08-18 10:56:27,630:INFO:Evaluating Metrics
2020-08-18 10:56:27,654:INFO:Compiling Metrics
2020-08-18 10:56:27,662:INFO:Initializing Fold 7
2020-08-18 10:56:27,673:INFO:Fitting Model
2020-08-18 10:56:41,020:INFO:Evaluating Metrics
2020-08-18 10:56:41,047:INFO:Compiling Metrics
2020-08-18 10:56:41,055:INFO:Initializing Fold 8
2020-08-18 10:56:41,069:INFO:Fitting Model
2020-08-18 10:56:54,140:INFO:Evaluating Metrics
2020-08-18 10:56:54,179:INFO:Compiling Metrics
2020-08-18 10:56:54,189:INFO:Initializing Fold 9
2020-08-18 10:56:54,204:INFO:Fitting Model
2020-08-18 10:57:06,772:INFO:Evaluating Metrics
2020-08-18 10:57:06,794:INFO:Compiling Metrics
2020-08-18 10:57:06,801:INFO:Initializing Fold 10
2020-08-18 10:57:06,811:INFO:Fitting Model
2020-08-18 10:57:19,436:INFO:Evaluating Metrics
2020-08-18 10:57:19,458:INFO:Compiling Metrics
2020-08-18 10:57:19,471:INFO:Calculating mean and std
2020-08-18 10:57:19,472:INFO:Creating metrics dataframe
2020-08-18 10:57:19,494:INFO:Initializing Linear Discriminant Analysis
2020-08-18 10:57:19,504:INFO:Initializing Fold 1
2020-08-18 10:57:19,514:INFO:Fitting Model
2020-08-18 10:57:19,663:INFO:Evaluating Metrics
2020-08-18 10:57:19,686:INFO:Compiling Metrics
2020-08-18 10:57:19,695:INFO:Initializing Fold 2
2020-08-18 10:57:19,708:INFO:Fitting Model
2020-08-18 10:57:19,849:INFO:Evaluating Metrics
2020-08-18 10:57:19,874:INFO:Compiling Metrics
2020-08-18 10:57:19,885:INFO:Initializing Fold 3
2020-08-18 10:57:19,900:INFO:Fitting Model
2020-08-18 10:57:20,061:INFO:Evaluating Metrics
2020-08-18 10:57:20,091:INFO:Compiling Metrics
2020-08-18 10:57:20,100:INFO:Initializing Fold 4
2020-08-18 10:57:20,122:INFO:Fitting Model
2020-08-18 10:57:20,259:INFO:Evaluating Metrics
2020-08-18 10:57:20,286:INFO:Compiling Metrics
2020-08-18 10:57:20,294:INFO:Initializing Fold 5
2020-08-18 10:57:20,305:INFO:Fitting Model
2020-08-18 10:57:20,457:INFO:Evaluating Metrics
2020-08-18 10:57:20,484:INFO:Compiling Metrics
2020-08-18 10:57:20,493:INFO:Initializing Fold 6
2020-08-18 10:57:20,506:INFO:Fitting Model
2020-08-18 10:57:20,653:INFO:Evaluating Metrics
2020-08-18 10:57:20,681:INFO:Compiling Metrics
2020-08-18 10:57:20,691:INFO:Initializing Fold 7
2020-08-18 10:57:20,706:INFO:Fitting Model
2020-08-18 10:57:20,847:INFO:Evaluating Metrics
2020-08-18 10:57:20,866:INFO:Compiling Metrics
2020-08-18 10:57:20,878:INFO:Initializing Fold 8
2020-08-18 10:57:20,892:INFO:Fitting Model
2020-08-18 10:57:21,039:INFO:Evaluating Metrics
2020-08-18 10:57:21,062:INFO:Compiling Metrics
2020-08-18 10:57:21,076:INFO:Initializing Fold 9
2020-08-18 10:57:21,091:INFO:Fitting Model
2020-08-18 10:57:21,249:INFO:Evaluating Metrics
2020-08-18 10:57:21,272:INFO:Compiling Metrics
2020-08-18 10:57:21,282:INFO:Initializing Fold 10
2020-08-18 10:57:21,297:INFO:Fitting Model
2020-08-18 10:57:21,453:INFO:Evaluating Metrics
2020-08-18 10:57:21,477:INFO:Compiling Metrics
2020-08-18 10:57:21,485:INFO:Calculating mean and std
2020-08-18 10:57:21,486:INFO:Creating metrics dataframe
2020-08-18 10:57:21,507:INFO:Initializing Extra Trees Classifier
2020-08-18 10:57:21,519:INFO:Initializing Fold 1
2020-08-18 10:57:21,530:INFO:Fitting Model
2020-08-18 10:57:22,767:INFO:Evaluating Metrics
2020-08-18 10:57:22,984:INFO:Compiling Metrics
2020-08-18 10:57:22,991:INFO:Initializing Fold 2
2020-08-18 10:57:23,004:INFO:Fitting Model
2020-08-18 10:57:24,169:INFO:Evaluating Metrics
2020-08-18 10:57:24,414:INFO:Compiling Metrics
2020-08-18 10:57:24,428:INFO:Initializing Fold 3
2020-08-18 10:57:24,439:INFO:Fitting Model
2020-08-18 10:57:25,840:INFO:Evaluating Metrics
2020-08-18 10:57:26,109:INFO:Compiling Metrics
2020-08-18 10:57:26,122:INFO:Initializing Fold 4
2020-08-18 10:57:26,141:INFO:Fitting Model
2020-08-18 10:57:27,806:INFO:Evaluating Metrics
2020-08-18 10:57:28,010:INFO:Compiling Metrics
2020-08-18 10:57:28,024:INFO:Initializing Fold 5
2020-08-18 10:57:28,035:INFO:Fitting Model
2020-08-18 10:57:29,090:INFO:Evaluating Metrics
2020-08-18 10:57:29,300:INFO:Compiling Metrics
2020-08-18 10:57:29,307:INFO:Initializing Fold 6
2020-08-18 10:57:29,321:INFO:Fitting Model
2020-08-18 10:57:30,364:INFO:Evaluating Metrics
2020-08-18 10:57:30,569:INFO:Compiling Metrics
2020-08-18 10:57:30,576:INFO:Initializing Fold 7
2020-08-18 10:57:30,588:INFO:Fitting Model
2020-08-18 10:57:31,655:INFO:Evaluating Metrics
2020-08-18 10:57:31,892:INFO:Compiling Metrics
2020-08-18 10:57:31,901:INFO:Initializing Fold 8
2020-08-18 10:57:31,917:INFO:Fitting Model
2020-08-18 10:57:33,004:INFO:Evaluating Metrics
2020-08-18 10:57:33,229:INFO:Compiling Metrics
2020-08-18 10:57:33,238:INFO:Initializing Fold 9
2020-08-18 10:57:33,248:INFO:Fitting Model
2020-08-18 10:57:34,311:INFO:Evaluating Metrics
2020-08-18 10:57:34,504:INFO:Compiling Metrics
2020-08-18 10:57:34,511:INFO:Initializing Fold 10
2020-08-18 10:57:34,525:INFO:Fitting Model
2020-08-18 10:57:35,572:INFO:Evaluating Metrics
2020-08-18 10:57:35,780:INFO:Compiling Metrics
2020-08-18 10:57:35,787:INFO:Calculating mean and std
2020-08-18 10:57:35,788:INFO:Creating metrics dataframe
2020-08-18 10:57:35,809:INFO:Initializing Extreme Gradient Boosting
2020-08-18 10:57:35,825:INFO:Initializing Fold 1
2020-08-18 10:57:35,841:INFO:Fitting Model
2020-08-18 10:57:43,355:INFO:Evaluating Metrics
2020-08-18 10:57:43,389:INFO:Compiling Metrics
2020-08-18 10:57:43,396:INFO:Initializing Fold 2
2020-08-18 10:57:43,407:INFO:Fitting Model
2020-08-18 10:57:50,665:INFO:Evaluating Metrics
2020-08-18 10:57:50,699:INFO:Compiling Metrics
2020-08-18 10:57:50,707:INFO:Initializing Fold 3
2020-08-18 10:57:50,721:INFO:Fitting Model
2020-08-18 10:57:58,281:INFO:Evaluating Metrics
2020-08-18 10:57:58,315:INFO:Compiling Metrics
2020-08-18 10:57:58,329:INFO:Initializing Fold 4
2020-08-18 10:57:58,340:INFO:Fitting Model
2020-08-18 10:58:05,965:INFO:Evaluating Metrics
2020-08-18 10:58:06,004:INFO:Compiling Metrics
2020-08-18 10:58:06,013:INFO:Initializing Fold 5
2020-08-18 10:58:06,030:INFO:Fitting Model
2020-08-18 10:58:13,397:INFO:Evaluating Metrics
2020-08-18 10:58:13,433:INFO:Compiling Metrics
2020-08-18 10:58:13,441:INFO:Initializing Fold 6
2020-08-18 10:58:13,451:INFO:Fitting Model
2020-08-18 10:58:21,178:INFO:Evaluating Metrics
2020-08-18 10:58:21,210:INFO:Compiling Metrics
2020-08-18 10:58:21,221:INFO:Initializing Fold 7
2020-08-18 10:58:21,236:INFO:Fitting Model
2020-08-18 10:58:28,551:INFO:Evaluating Metrics
2020-08-18 10:58:28,584:INFO:Compiling Metrics
2020-08-18 10:58:28,594:INFO:Initializing Fold 8
2020-08-18 10:58:28,604:INFO:Fitting Model
2020-08-18 10:58:36,168:INFO:Evaluating Metrics
2020-08-18 10:58:36,205:INFO:Compiling Metrics
2020-08-18 10:58:36,213:INFO:Initializing Fold 9
2020-08-18 10:58:36,229:INFO:Fitting Model
2020-08-18 10:58:43,984:INFO:Evaluating Metrics
2020-08-18 10:58:44,017:INFO:Compiling Metrics
2020-08-18 10:58:44,025:INFO:Initializing Fold 10
2020-08-18 10:58:44,035:INFO:Fitting Model
2020-08-18 10:58:51,303:INFO:Evaluating Metrics
2020-08-18 10:58:51,340:INFO:Compiling Metrics
2020-08-18 10:58:51,347:INFO:Calculating mean and std
2020-08-18 10:58:51,348:INFO:Creating metrics dataframe
2020-08-18 10:58:51,366:INFO:Initializing Light Gradient Boosting Machine
2020-08-18 10:58:51,380:INFO:Initializing Fold 1
2020-08-18 10:58:51,390:INFO:Fitting Model
2020-08-18 10:58:53,898:INFO:Evaluating Metrics
2020-08-18 10:58:53,952:INFO:Compiling Metrics
2020-08-18 10:58:53,962:INFO:Initializing Fold 2
2020-08-18 10:58:53,979:INFO:Fitting Model
2020-08-18 10:58:56,737:INFO:Evaluating Metrics
2020-08-18 10:58:56,802:INFO:Compiling Metrics
2020-08-18 10:58:56,810:INFO:Initializing Fold 3
2020-08-18 10:58:56,827:INFO:Fitting Model
2020-08-18 10:58:59,701:INFO:Evaluating Metrics
2020-08-18 10:58:59,766:INFO:Compiling Metrics
2020-08-18 10:58:59,775:INFO:Initializing Fold 4
2020-08-18 10:58:59,793:INFO:Fitting Model
2020-08-18 10:59:02,303:INFO:Evaluating Metrics
2020-08-18 10:59:02,357:INFO:Compiling Metrics
2020-08-18 10:59:02,365:INFO:Initializing Fold 5
2020-08-18 10:59:02,381:INFO:Fitting Model
2020-08-18 10:59:05,036:INFO:Evaluating Metrics
2020-08-18 10:59:05,109:INFO:Compiling Metrics
2020-08-18 10:59:05,123:INFO:Initializing Fold 6
2020-08-18 10:59:05,147:INFO:Fitting Model
2020-08-18 10:59:08,178:INFO:Evaluating Metrics
2020-08-18 10:59:08,233:INFO:Compiling Metrics
2020-08-18 10:59:08,240:INFO:Initializing Fold 7
2020-08-18 10:59:08,251:INFO:Fitting Model
2020-08-18 10:59:10,708:INFO:Evaluating Metrics
2020-08-18 10:59:10,768:INFO:Compiling Metrics
2020-08-18 10:59:10,777:INFO:Initializing Fold 8
2020-08-18 10:59:10,788:INFO:Fitting Model
2020-08-18 10:59:13,357:INFO:Evaluating Metrics
2020-08-18 10:59:13,409:INFO:Compiling Metrics
2020-08-18 10:59:13,420:INFO:Initializing Fold 9
2020-08-18 10:59:13,435:INFO:Fitting Model
2020-08-18 10:59:15,889:INFO:Evaluating Metrics
2020-08-18 10:59:15,968:INFO:Compiling Metrics
2020-08-18 10:59:15,986:INFO:Initializing Fold 10
2020-08-18 10:59:16,007:INFO:Fitting Model
2020-08-18 10:59:18,453:INFO:Evaluating Metrics
2020-08-18 10:59:18,508:INFO:Compiling Metrics
2020-08-18 10:59:18,518:INFO:Calculating mean and std
2020-08-18 10:59:18,519:INFO:Creating metrics dataframe
2020-08-18 10:59:18,543:INFO:Initializing CatBoost Classifier
2020-08-18 10:59:18,551:INFO:Initializing Fold 1
2020-08-18 10:59:18,563:INFO:Fitting Model
2020-08-18 10:59:52,188:INFO:Evaluating Metrics
2020-08-18 10:59:52,219:INFO:Compiling Metrics
2020-08-18 10:59:52,228:INFO:Initializing Fold 2
2020-08-18 10:59:52,240:INFO:Fitting Model
2020-08-18 11:00:26,041:INFO:Evaluating Metrics
2020-08-18 11:00:26,077:INFO:Compiling Metrics
2020-08-18 11:00:26,092:INFO:Initializing Fold 3
2020-08-18 11:00:26,107:INFO:Fitting Model
2020-08-18 11:01:11,995:INFO:Evaluating Metrics
2020-08-18 11:01:12,023:INFO:Compiling Metrics
2020-08-18 11:01:12,032:INFO:Initializing Fold 4
2020-08-18 11:01:12,047:INFO:Fitting Model
2020-08-18 11:01:45,186:INFO:Evaluating Metrics
2020-08-18 11:01:45,209:INFO:Compiling Metrics
2020-08-18 11:01:45,217:INFO:Initializing Fold 5
2020-08-18 11:01:45,230:INFO:Fitting Model
2020-08-18 11:02:16,955:INFO:Evaluating Metrics
2020-08-18 11:02:16,977:INFO:Compiling Metrics
2020-08-18 11:02:16,984:INFO:Initializing Fold 6
2020-08-18 11:02:16,997:INFO:Fitting Model
2020-08-18 11:02:55,206:INFO:Evaluating Metrics
2020-08-18 11:02:55,228:INFO:Compiling Metrics
2020-08-18 11:02:55,236:INFO:Initializing Fold 7
2020-08-18 11:02:55,249:INFO:Fitting Model
2020-08-18 11:03:25,349:INFO:Evaluating Metrics
2020-08-18 11:03:25,371:INFO:Compiling Metrics
2020-08-18 11:03:25,379:INFO:Initializing Fold 8
2020-08-18 11:03:25,392:INFO:Fitting Model
2020-08-18 11:04:00,415:INFO:Evaluating Metrics
2020-08-18 11:04:00,440:INFO:Compiling Metrics
2020-08-18 11:04:00,451:INFO:Initializing Fold 9
2020-08-18 11:04:00,465:INFO:Fitting Model
2020-08-18 11:04:39,535:INFO:Evaluating Metrics
2020-08-18 11:04:39,575:INFO:Compiling Metrics
2020-08-18 11:04:39,584:INFO:Initializing Fold 10
2020-08-18 11:04:39,612:INFO:Fitting Model
2020-08-18 11:05:15,013:INFO:Evaluating Metrics
2020-08-18 11:05:15,036:INFO:Compiling Metrics
2020-08-18 11:05:15,046:INFO:Calculating mean and std
2020-08-18 11:05:15,047:INFO:Creating metrics dataframe
2020-08-18 11:05:15,076:INFO:Finalizing top_n models
2020-08-18 11:05:15,077:INFO:SubProcess create_model() called ==================================
2020-08-18 11:05:15,093:INFO:Initializing create_model()
2020-08-18 11:05:15,093:INFO:create_model(estimator=lightgbm, ensemble=False, method=None, fold=10, round=4, cross_validation=True, verbose=False, system=False)
2020-08-18 11:05:15,093:INFO:Checking exceptions
2020-08-18 11:05:15,094:INFO:Preloading libraries
2020-08-18 11:05:15,094:INFO:Preparing display monitor
2020-08-18 11:05:15,111:INFO:Copying training dataset
2020-08-18 11:05:15,115:INFO:Importing libraries
2020-08-18 11:05:15,117:INFO:Defining folds
2020-08-18 11:05:15,117:INFO:Declaring metric variables
2020-08-18 11:05:15,118:INFO:Importing untrained model
2020-08-18 11:05:15,118:INFO:Light Gradient Boosting Machine Imported succesfully
2020-08-18 11:05:15,119:INFO:Checking ensemble method
2020-08-18 11:05:15,121:INFO:Target variable is Multiclass. OneVsRestClassifier activated
2020-08-18 11:05:15,124:INFO:Initializing Fold 1
2020-08-18 11:05:15,127:INFO:Fitting Model
2020-08-18 11:05:19,147:INFO:Evaluating Metrics
2020-08-18 11:05:19,223:INFO:Compiling Metrics
2020-08-18 11:05:19,241:INFO:Initializing Fold 2
2020-08-18 11:05:19,247:INFO:Fitting Model
2020-08-18 11:05:22,008:INFO:Evaluating Metrics
2020-08-18 11:05:22,081:INFO:Compiling Metrics
2020-08-18 11:05:22,096:INFO:Initializing Fold 3
2020-08-18 11:05:22,098:INFO:Fitting Model
2020-08-18 11:05:23,999:INFO:Evaluating Metrics
2020-08-18 11:05:24,101:INFO:Compiling Metrics
2020-08-18 11:05:24,120:INFO:Initializing Fold 4
2020-08-18 11:05:24,123:INFO:Fitting Model
2020-08-18 11:05:26,423:INFO:Evaluating Metrics
2020-08-18 11:05:26,519:INFO:Compiling Metrics
2020-08-18 11:05:26,535:INFO:Initializing Fold 5
2020-08-18 11:05:26,539:INFO:Fitting Model
2020-08-18 11:05:29,465:INFO:Evaluating Metrics
2020-08-18 11:05:29,575:INFO:Compiling Metrics
2020-08-18 11:05:29,600:INFO:Initializing Fold 6
2020-08-18 11:05:29,603:INFO:Fitting Model
2020-08-18 11:05:31,809:INFO:Evaluating Metrics
2020-08-18 11:05:31,885:INFO:Compiling Metrics
2020-08-18 11:05:31,899:INFO:Initializing Fold 7
2020-08-18 11:05:31,902:INFO:Fitting Model
2020-08-18 11:05:33,273:INFO:Evaluating Metrics
2020-08-18 11:05:33,337:INFO:Compiling Metrics
2020-08-18 11:05:33,352:INFO:Initializing Fold 8
2020-08-18 11:05:33,355:INFO:Fitting Model
2020-08-18 11:05:34,706:INFO:Evaluating Metrics
2020-08-18 11:05:34,778:INFO:Compiling Metrics
2020-08-18 11:05:34,792:INFO:Initializing Fold 9
2020-08-18 11:05:34,796:INFO:Fitting Model
2020-08-18 11:05:36,308:INFO:Evaluating Metrics
2020-08-18 11:05:36,376:INFO:Compiling Metrics
2020-08-18 11:05:36,397:INFO:Initializing Fold 10
2020-08-18 11:05:36,399:INFO:Fitting Model
2020-08-18 11:05:37,761:INFO:Evaluating Metrics
2020-08-18 11:05:37,830:INFO:Compiling Metrics
2020-08-18 11:05:37,843:INFO:Calculating mean and std
2020-08-18 11:05:37,846:INFO:Creating metrics dataframe
2020-08-18 11:05:37,854:INFO:Finalizing model
2020-08-18 11:05:39,288:INFO:Uploading results into container
2020-08-18 11:05:39,288:INFO:Uploading model into container now
2020-08-18 11:05:39,289:INFO:create_model_container: 1
2020-08-18 11:05:39,289:INFO:master_model_container: 1
2020-08-18 11:05:39,289:INFO:display_container: 1
2020-08-18 11:05:39,292:INFO:OneVsRestClassifier(estimator=LGBMClassifier(boosting_type='gbdt',
                                             class_weight=None,
                                             colsample_bytree=1.0,
                                             importance_type='split',
                                             learning_rate=0.1, max_depth=-1,
                                             min_child_samples=20,
                                             min_child_weight=0.001,
                                             min_split_gain=0.0,
                                             n_estimators=100, n_jobs=-1,
                                             num_leaves=31, objective=None,
                                             random_state=6808, reg_alpha=0.0,
                                             reg_lambda=0.0, silent=True,
                                             subsample=1.0,
                                             subsample_for_bin=200000,
                                             subsample_freq=0),
                    n_jobs=-1)
2020-08-18 11:05:39,292:INFO:create_model() succesfully completed......................................
2020-08-18 11:05:39,293:INFO:SubProcess create_model() end ==================================
2020-08-18 11:05:39,411:INFO:create_model_container: 1
2020-08-18 11:05:39,411:INFO:master_model_container: 1
2020-08-18 11:05:39,412:INFO:display_container: 2
2020-08-18 11:05:39,413:INFO:OneVsRestClassifier(estimator=LGBMClassifier(boosting_type='gbdt',
                                             class_weight=None,
                                             colsample_bytree=1.0,
                                             importance_type='split',
                                             learning_rate=0.1, max_depth=-1,
                                             min_child_samples=20,
                                             min_child_weight=0.001,
                                             min_split_gain=0.0,
                                             n_estimators=100, n_jobs=-1,
                                             num_leaves=31, objective=None,
                                             random_state=6808, reg_alpha=0.0,
                                             reg_lambda=0.0, silent=True,
                                             subsample=1.0,
                                             subsample_for_bin=200000,
                                             subsample_freq=0),
                    n_jobs=-1)
2020-08-18 11:05:39,413:INFO:compare_models() succesfully completed......................................
